<?xml version="1.0" encoding="UTF-8"?>
<testsuite xmlns:xsi="http://www.w3.org/2001/XMLSchema-instance" xsi:noNamespaceSchemaLocation="https://maven.apache.org/surefire/maven-surefire-plugin/xsd/surefire-test-report-3.0.xsd" version="3.0" name="cucumber.Options.TestRunner" time="13.371" tests="2" errors="0" skipped="0" failures="0">
  <properties>
[...]
</properties>
  <testcase name="Validate if place is successfully added using AddPlaceApi" classname="Validation Place API" time="8.865">
    <system-out><![CDATA[/maps/api/place/add/json
4a8df347a3a45fa45cdaf1616a01166f
/maps/api/place/get/json
]]></system-out>
  </testcase>
  <testcase name="Verify Delete Place is working" classname="Validation Place API" time="2.688">
    <system-out><![CDATA[4a8df347a3a45fa45cdaf1616a01166f
/maps/api/place/delete/json
]]></system-out>
  </testcase>
</testsuite>